{"D:\\hacktiv8\\phase-3\\final-project\\B-track-server\\transactionService\\app.js": {"path":"D:\\hacktiv8\\phase-3\\final-project\\B-track-server\\transactionService\\app.js","statementMap":{"0":{"start":{"line":1,"column":16},"end":{"line":1,"column":34}},"1":{"start":{"line":2,"column":13},"end":{"line":2,"column":28}},"2":{"start":{"line":4,"column":12},"end":{"line":4,"column":21}},"3":{"start":{"line":5,"column":15},"end":{"line":5,"column":34}},"4":{"start":{"line":7,"column":0},"end":{"line":7,"column":49}},"5":{"start":{"line":8,"column":0},"end":{"line":8,"column":24}},"6":{"start":{"line":9,"column":0},"end":{"line":9,"column":16}},"7":{"start":{"line":10,"column":0},"end":{"line":10,"column":16}},"8":{"start":{"line":12,"column":0},"end":{"line":12,"column":21}}},"fnMap":{},"branchMap":{},"s":{"0":1,"1":1,"2":1,"3":1,"4":1,"5":1,"6":1,"7":1,"8":1},"f":{},"b":{},"_coverageSchema":"1a1c01bbd47fc00a2c39e90264f33305004495a9","hash":"1e9a5af0a51cb1dd785aff08c5120272cd0d6780"}
,"D:\\hacktiv8\\phase-3\\final-project\\B-track-server\\transactionService\\controllers\\transactionController.js": {"path":"D:\\hacktiv8\\phase-3\\final-project\\B-track-server\\transactionService\\controllers\\transactionController.js","statementMap":{"0":{"start":{"line":1,"column":24},"end":{"line":1,"column":44}},"1":{"start":{"line":5,"column":4},"end":{"line":12,"column":5}},"2":{"start":{"line":6,"column":64},"end":{"line":6,"column":72}},"3":{"start":{"line":7,"column":30},"end":{"line":7,"column":79}},"4":{"start":{"line":8,"column":19},"end":{"line":8,"column":60}},"5":{"start":{"line":9,"column":6},"end":{"line":9,"column":33}},"6":{"start":{"line":11,"column":6},"end":{"line":11,"column":16}},"7":{"start":{"line":16,"column":4},"end":{"line":36,"column":5}},"8":{"start":{"line":17,"column":21},"end":{"line":17,"column":31}},"9":{"start":{"line":18,"column":20},"end":{"line":18,"column":50}},"10":{"start":{"line":19,"column":6},"end":{"line":33,"column":7}},"11":{"start":{"line":20,"column":8},"end":{"line":20,"column":35}},"12":{"start":{"line":22,"column":66},"end":{"line":22,"column":74}},"13":{"start":{"line":23,"column":32},"end":{"line":30,"column":9}},"14":{"start":{"line":31,"column":8},"end":{"line":31,"column":69}},"15":{"start":{"line":32,"column":8},"end":{"line":32,"column":73}},"16":{"start":{"line":35,"column":6},"end":{"line":35,"column":16}},"17":{"start":{"line":40,"column":4},"end":{"line":51,"column":5}},"18":{"start":{"line":41,"column":21},"end":{"line":41,"column":31}},"19":{"start":{"line":42,"column":20},"end":{"line":42,"column":50}},"20":{"start":{"line":43,"column":6},"end":{"line":48,"column":7}},"21":{"start":{"line":44,"column":8},"end":{"line":44,"column":35}},"22":{"start":{"line":46,"column":8},"end":{"line":46,"column":53}},"23":{"start":{"line":47,"column":8},"end":{"line":47,"column":79}},"24":{"start":{"line":50,"column":6},"end":{"line":50,"column":16}},"25":{"start":{"line":55,"column":0},"end":{"line":55,"column":39}}},"fnMap":{"0":{"name":"(anonymous_0)","decl":{"start":{"line":4,"column":2},"end":{"line":4,"column":3}},"loc":{"start":{"line":4,"column":38},"end":{"line":13,"column":3}},"line":4},"1":{"name":"(anonymous_1)","decl":{"start":{"line":15,"column":2},"end":{"line":15,"column":3}},"loc":{"start":{"line":15,"column":38},"end":{"line":37,"column":3}},"line":15},"2":{"name":"(anonymous_2)","decl":{"start":{"line":39,"column":2},"end":{"line":39,"column":3}},"loc":{"start":{"line":39,"column":38},"end":{"line":52,"column":3}},"line":39}},"branchMap":{"0":{"loc":{"start":{"line":19,"column":6},"end":{"line":33,"column":7}},"type":"if","locations":[{"start":{"line":19,"column":6},"end":{"line":33,"column":7}},{"start":{"line":19,"column":6},"end":{"line":33,"column":7}}],"line":19},"1":{"loc":{"start":{"line":43,"column":6},"end":{"line":48,"column":7}},"type":"if","locations":[{"start":{"line":43,"column":6},"end":{"line":48,"column":7}},{"start":{"line":43,"column":6},"end":{"line":48,"column":7}}],"line":43}},"s":{"0":1,"1":2,"2":2,"3":2,"4":2,"5":1,"6":1,"7":3,"8":3,"9":3,"10":3,"11":1,"12":2,"13":2,"14":2,"15":1,"16":2,"17":2,"18":2,"19":2,"20":2,"21":1,"22":1,"23":1,"24":1,"25":1},"f":{"0":2,"1":3,"2":2},"b":{"0":[1,2],"1":[1,1]},"_coverageSchema":"1a1c01bbd47fc00a2c39e90264f33305004495a9","hash":"f8dcbe1d39880e98831b20336aeb07b6941a9724"}
,"D:\\hacktiv8\\phase-3\\final-project\\B-track-server\\transactionService\\helpers\\jwt.js": {"path":"D:\\hacktiv8\\phase-3\\final-project\\B-track-server\\transactionService\\helpers\\jwt.js","statementMap":{"0":{"start":{"line":1,"column":12},"end":{"line":1,"column":35}},"1":{"start":{"line":3,"column":15},"end":{"line":3,"column":27}},"2":{"start":{"line":5,"column":18},"end":{"line":7,"column":1}},"3":{"start":{"line":6,"column":2},"end":{"line":6,"column":35}},"4":{"start":{"line":8,"column":20},"end":{"line":10,"column":1}},"5":{"start":{"line":9,"column":2},"end":{"line":9,"column":35}},"6":{"start":{"line":12,"column":0},"end":{"line":12,"column":44}}},"fnMap":{"0":{"name":"(anonymous_0)","decl":{"start":{"line":5,"column":18},"end":{"line":5,"column":19}},"loc":{"start":{"line":5,"column":31},"end":{"line":7,"column":1}},"line":5},"1":{"name":"(anonymous_1)","decl":{"start":{"line":8,"column":20},"end":{"line":8,"column":21}},"loc":{"start":{"line":8,"column":31},"end":{"line":10,"column":1}},"line":8}},"branchMap":{},"s":{"0":1,"1":1,"2":1,"3":2,"4":1,"5":11,"6":1},"f":{"0":2,"1":11},"b":{},"_coverageSchema":"1a1c01bbd47fc00a2c39e90264f33305004495a9","hash":"ae53dc6e770ae89323ff63583ae001784a4d409c"}
,"D:\\hacktiv8\\phase-3\\final-project\\B-track-server\\transactionService\\middlewares\\authentication.js": {"path":"D:\\hacktiv8\\phase-3\\final-project\\B-track-server\\transactionService\\middlewares\\authentication.js","statementMap":{"0":{"start":{"line":1,"column":24},"end":{"line":1,"column":49}},"1":{"start":{"line":2,"column":17},"end":{"line":2,"column":37}},"2":{"start":{"line":4,"column":23},"end":{"line":21,"column":1}},"3":{"start":{"line":5,"column":40},"end":{"line":5,"column":51}},"4":{"start":{"line":6,"column":2},"end":{"line":20,"column":3}},"5":{"start":{"line":7,"column":20},"end":{"line":7,"column":44}},"6":{"start":{"line":8,"column":18},"end":{"line":8,"column":49}},"7":{"start":{"line":9,"column":4},"end":{"line":17,"column":5}},"8":{"start":{"line":10,"column":6},"end":{"line":10,"column":37}},"9":{"start":{"line":12,"column":6},"end":{"line":15,"column":8}},"10":{"start":{"line":16,"column":6},"end":{"line":16,"column":13}},"11":{"start":{"line":19,"column":4},"end":{"line":19,"column":14}},"12":{"start":{"line":23,"column":0},"end":{"line":23,"column":36}}},"fnMap":{"0":{"name":"(anonymous_0)","decl":{"start":{"line":4,"column":23},"end":{"line":4,"column":24}},"loc":{"start":{"line":4,"column":49},"end":{"line":21,"column":1}},"line":4}},"branchMap":{"0":{"loc":{"start":{"line":9,"column":4},"end":{"line":17,"column":5}},"type":"if","locations":[{"start":{"line":9,"column":4},"end":{"line":17,"column":5}},{"start":{"line":9,"column":4},"end":{"line":17,"column":5}}],"line":9}},"s":{"0":1,"1":1,"2":1,"3":11,"4":11,"5":11,"6":9,"7":9,"8":2,"9":7,"10":7,"11":4,"12":1},"f":{"0":11},"b":{"0":[2,7]},"_coverageSchema":"1a1c01bbd47fc00a2c39e90264f33305004495a9","hash":"fcb273322d9617e1cf8e03dfe7817a7f1e6f51e0"}
,"D:\\hacktiv8\\phase-3\\final-project\\B-track-server\\transactionService\\middlewares\\errorHandler.js": {"path":"D:\\hacktiv8\\phase-3\\final-project\\B-track-server\\transactionService\\middlewares\\errorHandler.js","statementMap":{"0":{"start":{"line":1,"column":14},"end":{"line":26,"column":1}},"1":{"start":{"line":2,"column":2},"end":{"line":2,"column":65}},"2":{"start":{"line":3,"column":2},"end":{"line":25,"column":3}},"3":{"start":{"line":5,"column":6},"end":{"line":5,"column":53}},"4":{"start":{"line":6,"column":6},"end":{"line":6,"column":12}},"5":{"start":{"line":8,"column":6},"end":{"line":8,"column":57}},"6":{"start":{"line":9,"column":6},"end":{"line":9,"column":12}},"7":{"start":{"line":11,"column":6},"end":{"line":11,"column":57}},"8":{"start":{"line":12,"column":6},"end":{"line":12,"column":12}},"9":{"start":{"line":14,"column":21},"end":{"line":16,"column":8}},"10":{"start":{"line":15,"column":8},"end":{"line":15,"column":26}},"11":{"start":{"line":17,"column":6},"end":{"line":19,"column":9}},"12":{"start":{"line":20,"column":6},"end":{"line":20,"column":12}},"13":{"start":{"line":23,"column":6},"end":{"line":23,"column":65}},"14":{"start":{"line":24,"column":6},"end":{"line":24,"column":12}},"15":{"start":{"line":28,"column":0},"end":{"line":28,"column":23}}},"fnMap":{"0":{"name":"(anonymous_0)","decl":{"start":{"line":1,"column":14},"end":{"line":1,"column":15}},"loc":{"start":{"line":1,"column":39},"end":{"line":26,"column":1}},"line":1},"1":{"name":"(anonymous_1)","decl":{"start":{"line":14,"column":36},"end":{"line":14,"column":37}},"loc":{"start":{"line":14,"column":44},"end":{"line":16,"column":7}},"line":14}},"branchMap":{"0":{"loc":{"start":{"line":3,"column":2},"end":{"line":25,"column":3}},"type":"switch","locations":[{"start":{"line":4,"column":4},"end":{"line":6,"column":12}},{"start":{"line":7,"column":4},"end":{"line":9,"column":12}},{"start":{"line":10,"column":4},"end":{"line":12,"column":12}},{"start":{"line":13,"column":4},"end":{"line":20,"column":12}},{"start":{"line":22,"column":4},"end":{"line":24,"column":12}}],"line":3}},"s":{"0":1,"1":8,"2":8,"3":2,"4":2,"5":2,"6":2,"7":2,"8":2,"9":2,"10":8,"11":2,"12":2,"13":0,"14":0,"15":1},"f":{"0":8,"1":8},"b":{"0":[2,2,2,2,0]},"_coverageSchema":"1a1c01bbd47fc00a2c39e90264f33305004495a9","hash":"c33e614fded7239369aa9e8f6e5dbc546a74bbc1"}
,"D:\\hacktiv8\\phase-3\\final-project\\B-track-server\\transactionService\\models\\budget.js": {"path":"D:\\hacktiv8\\phase-3\\final-project\\B-track-server\\transactionService\\models\\budget.js","statementMap":{"0":{"start":{"line":2,"column":18},"end":{"line":2,"column":38}},"1":{"start":{"line":3,"column":0},"end":{"line":30,"column":2}},"2":{"start":{"line":14,"column":2},"end":{"line":28,"column":4}},"3":{"start":{"line":29,"column":2},"end":{"line":29,"column":16}}},"fnMap":{"0":{"name":"(anonymous_0)","decl":{"start":{"line":3,"column":17},"end":{"line":3,"column":18}},"loc":{"start":{"line":3,"column":43},"end":{"line":30,"column":1}},"line":3},"1":{"name":"(anonymous_1)","decl":{"start":{"line":10,"column":4},"end":{"line":10,"column":5}},"loc":{"start":{"line":10,"column":29},"end":{"line":12,"column":5}},"line":10}},"branchMap":{},"s":{"0":1,"1":1,"2":1,"3":1},"f":{"0":1,"1":1},"b":{},"_coverageSchema":"1a1c01bbd47fc00a2c39e90264f33305004495a9","hash":"67ef770e8325979cd4d5507b170b9c170a3a7480"}
,"D:\\hacktiv8\\phase-3\\final-project\\B-track-server\\transactionService\\models\\category.js": {"path":"D:\\hacktiv8\\phase-3\\final-project\\B-track-server\\transactionService\\models\\category.js","statementMap":{"0":{"start":{"line":4,"column":4},"end":{"line":4,"column":24}},"1":{"start":{"line":5,"column":0},"end":{"line":23,"column":2}},"2":{"start":{"line":16,"column":2},"end":{"line":21,"column":5}},"3":{"start":{"line":22,"column":2},"end":{"line":22,"column":18}}},"fnMap":{"0":{"name":"(anonymous_0)","decl":{"start":{"line":5,"column":17},"end":{"line":5,"column":18}},"loc":{"start":{"line":5,"column":43},"end":{"line":23,"column":1}},"line":5},"1":{"name":"(anonymous_1)","decl":{"start":{"line":12,"column":4},"end":{"line":12,"column":5}},"loc":{"start":{"line":12,"column":29},"end":{"line":14,"column":5}},"line":12}},"branchMap":{},"s":{"0":1,"1":1,"2":1,"3":1},"f":{"0":1,"1":1},"b":{},"_coverageSchema":"1a1c01bbd47fc00a2c39e90264f33305004495a9","hash":"022c293cdec12b3bc9932930796eac3287ad5e9b"}
,"D:\\hacktiv8\\phase-3\\final-project\\B-track-server\\transactionService\\models\\department.js": {"path":"D:\\hacktiv8\\phase-3\\final-project\\B-track-server\\transactionService\\models\\department.js","statementMap":{"0":{"start":{"line":4,"column":4},"end":{"line":4,"column":24}},"1":{"start":{"line":5,"column":0},"end":{"line":23,"column":2}},"2":{"start":{"line":16,"column":2},"end":{"line":21,"column":5}},"3":{"start":{"line":22,"column":2},"end":{"line":22,"column":20}}},"fnMap":{"0":{"name":"(anonymous_0)","decl":{"start":{"line":5,"column":17},"end":{"line":5,"column":18}},"loc":{"start":{"line":5,"column":43},"end":{"line":23,"column":1}},"line":5},"1":{"name":"(anonymous_1)","decl":{"start":{"line":12,"column":4},"end":{"line":12,"column":5}},"loc":{"start":{"line":12,"column":29},"end":{"line":14,"column":5}},"line":12}},"branchMap":{},"s":{"0":1,"1":1,"2":1,"3":1},"f":{"0":1,"1":1},"b":{},"_coverageSchema":"1a1c01bbd47fc00a2c39e90264f33305004495a9","hash":"84638226e99327cc440036e330f36566cbfd6a80"}
,"D:\\hacktiv8\\phase-3\\final-project\\B-track-server\\transactionService\\models\\index.js": {"path":"D:\\hacktiv8\\phase-3\\final-project\\B-track-server\\transactionService\\models\\index.js","statementMap":{"0":{"start":{"line":3,"column":11},"end":{"line":3,"column":24}},"1":{"start":{"line":4,"column":13},"end":{"line":4,"column":28}},"2":{"start":{"line":5,"column":18},"end":{"line":5,"column":38}},"3":{"start":{"line":6,"column":17},"end":{"line":6,"column":42}},"4":{"start":{"line":7,"column":12},"end":{"line":7,"column":49}},"5":{"start":{"line":8,"column":15},"end":{"line":8,"column":65}},"6":{"start":{"line":9,"column":11},"end":{"line":9,"column":13}},"7":{"start":{"line":12,"column":0},"end":{"line":16,"column":1}},"8":{"start":{"line":13,"column":2},"end":{"line":13,"column":74}},"9":{"start":{"line":15,"column":2},"end":{"line":15,"column":87}},"10":{"start":{"line":18,"column":0},"end":{"line":26,"column":5}},"11":{"start":{"line":21,"column":4},"end":{"line":21,"column":90}},"12":{"start":{"line":24,"column":18},"end":{"line":24,"column":85}},"13":{"start":{"line":25,"column":4},"end":{"line":25,"column":27}},"14":{"start":{"line":28,"column":0},"end":{"line":32,"column":3}},"15":{"start":{"line":29,"column":2},"end":{"line":31,"column":3}},"16":{"start":{"line":30,"column":4},"end":{"line":30,"column":32}},"17":{"start":{"line":34,"column":0},"end":{"line":34,"column":25}},"18":{"start":{"line":35,"column":0},"end":{"line":35,"column":25}},"19":{"start":{"line":37,"column":0},"end":{"line":37,"column":20}}},"fnMap":{"0":{"name":"(anonymous_0)","decl":{"start":{"line":20,"column":10},"end":{"line":20,"column":11}},"loc":{"start":{"line":20,"column":18},"end":{"line":22,"column":3}},"line":20},"1":{"name":"(anonymous_1)","decl":{"start":{"line":23,"column":11},"end":{"line":23,"column":12}},"loc":{"start":{"line":23,"column":19},"end":{"line":26,"column":3}},"line":23},"2":{"name":"(anonymous_2)","decl":{"start":{"line":28,"column":24},"end":{"line":28,"column":25}},"loc":{"start":{"line":28,"column":37},"end":{"line":32,"column":1}},"line":28}},"branchMap":{"0":{"loc":{"start":{"line":7,"column":12},"end":{"line":7,"column":49}},"type":"binary-expr","locations":[{"start":{"line":7,"column":12},"end":{"line":7,"column":32}},{"start":{"line":7,"column":36},"end":{"line":7,"column":49}}],"line":7},"1":{"loc":{"start":{"line":12,"column":0},"end":{"line":16,"column":1}},"type":"if","locations":[{"start":{"line":12,"column":0},"end":{"line":16,"column":1}},{"start":{"line":12,"column":0},"end":{"line":16,"column":1}}],"line":12},"2":{"loc":{"start":{"line":21,"column":11},"end":{"line":21,"column":89}},"type":"binary-expr","locations":[{"start":{"line":21,"column":12},"end":{"line":21,"column":35}},{"start":{"line":21,"column":41},"end":{"line":21,"column":58}},{"start":{"line":21,"column":64},"end":{"line":21,"column":88}}],"line":21},"3":{"loc":{"start":{"line":29,"column":2},"end":{"line":31,"column":3}},"type":"if","locations":[{"start":{"line":29,"column":2},"end":{"line":31,"column":3}},{"start":{"line":29,"column":2},"end":{"line":31,"column":3}}],"line":29}},"s":{"0":1,"1":1,"2":1,"3":1,"4":1,"5":1,"6":1,"7":1,"8":0,"9":1,"10":1,"11":6,"12":5,"13":5,"14":1,"15":5,"16":5,"17":1,"18":1,"19":1},"f":{"0":6,"1":5,"2":5},"b":{"0":[1,0],"1":[0,1],"2":[6,6,5],"3":[5,0]},"_coverageSchema":"1a1c01bbd47fc00a2c39e90264f33305004495a9","hash":"52738d4cf436d2dad49c452242d7796fc3457f31"}
,"D:\\hacktiv8\\phase-3\\final-project\\B-track-server\\transactionService\\models\\transaction.js": {"path":"D:\\hacktiv8\\phase-3\\final-project\\B-track-server\\transactionService\\models\\transaction.js","statementMap":{"0":{"start":{"line":2,"column":18},"end":{"line":2,"column":38}},"1":{"start":{"line":3,"column":0},"end":{"line":65,"column":2}},"2":{"start":{"line":14,"column":2},"end":{"line":63,"column":4}},"3":{"start":{"line":64,"column":2},"end":{"line":64,"column":21}}},"fnMap":{"0":{"name":"(anonymous_0)","decl":{"start":{"line":3,"column":17},"end":{"line":3,"column":18}},"loc":{"start":{"line":3,"column":43},"end":{"line":65,"column":1}},"line":3},"1":{"name":"(anonymous_1)","decl":{"start":{"line":10,"column":4},"end":{"line":10,"column":5}},"loc":{"start":{"line":10,"column":29},"end":{"line":12,"column":5}},"line":10}},"branchMap":{},"s":{"0":1,"1":1,"2":1,"3":1},"f":{"0":1,"1":1},"b":{},"_coverageSchema":"1a1c01bbd47fc00a2c39e90264f33305004495a9","hash":"00d472b6dc283773581f13e02dfdb55e898558ef"}
,"D:\\hacktiv8\\phase-3\\final-project\\B-track-server\\transactionService\\models\\user.js": {"path":"D:\\hacktiv8\\phase-3\\final-project\\B-track-server\\transactionService\\models\\user.js","statementMap":{"0":{"start":{"line":4,"column":4},"end":{"line":4,"column":24}},"1":{"start":{"line":5,"column":0},"end":{"line":27,"column":2}},"2":{"start":{"line":16,"column":2},"end":{"line":25,"column":5}},"3":{"start":{"line":26,"column":2},"end":{"line":26,"column":14}}},"fnMap":{"0":{"name":"(anonymous_0)","decl":{"start":{"line":5,"column":17},"end":{"line":5,"column":18}},"loc":{"start":{"line":5,"column":43},"end":{"line":27,"column":1}},"line":5},"1":{"name":"(anonymous_1)","decl":{"start":{"line":12,"column":4},"end":{"line":12,"column":5}},"loc":{"start":{"line":12,"column":29},"end":{"line":14,"column":5}},"line":12}},"branchMap":{},"s":{"0":1,"1":1,"2":1,"3":1},"f":{"0":1,"1":1},"b":{},"_coverageSchema":"1a1c01bbd47fc00a2c39e90264f33305004495a9","hash":"d1a4821e314d2ec3ecb8c96cadddddff62d0b02e"}
,"D:\\hacktiv8\\phase-3\\final-project\\B-track-server\\transactionService\\routes\\index.js": {"path":"D:\\hacktiv8\\phase-3\\final-project\\B-track-server\\transactionService\\routes\\index.js","statementMap":{"0":{"start":{"line":1,"column":15},"end":{"line":1,"column":42}},"1":{"start":{"line":3,"column":25},"end":{"line":3,"column":55}},"2":{"start":{"line":4,"column":27},"end":{"line":4,"column":67}},"3":{"start":{"line":5,"column":21},"end":{"line":5,"column":59}},"4":{"start":{"line":7,"column":0},"end":{"line":7,"column":62}},"5":{"start":{"line":8,"column":0},"end":{"line":8,"column":25}},"6":{"start":{"line":10,"column":0},"end":{"line":10,"column":24}}},"fnMap":{},"branchMap":{},"s":{"0":1,"1":1,"2":1,"3":1,"4":1,"5":1,"6":1},"f":{},"b":{},"_coverageSchema":"1a1c01bbd47fc00a2c39e90264f33305004495a9","hash":"9cdef2fed354ef2f10316c45465702068f7b250d"}
,"D:\\hacktiv8\\phase-3\\final-project\\B-track-server\\transactionService\\routes\\transactionRouter.js": {"path":"D:\\hacktiv8\\phase-3\\final-project\\B-track-server\\transactionService\\routes\\transactionRouter.js","statementMap":{"0":{"start":{"line":1,"column":15},"end":{"line":1,"column":42}},"1":{"start":{"line":3,"column":19},"end":{"line":3,"column":66}},"2":{"start":{"line":5,"column":0},"end":{"line":5,"column":36}},"3":{"start":{"line":6,"column":0},"end":{"line":6,"column":38}},"4":{"start":{"line":7,"column":0},"end":{"line":7,"column":41}},"5":{"start":{"line":9,"column":0},"end":{"line":9,"column":24}}},"fnMap":{},"branchMap":{},"s":{"0":1,"1":1,"2":1,"3":1,"4":1,"5":1},"f":{},"b":{},"_coverageSchema":"1a1c01bbd47fc00a2c39e90264f33305004495a9","hash":"b15605c10d850223e697e1863ec85436149bf547"}
}
